TN:
SF:src/main/skill/agents.ts
FN:18,appPaths
FN:195,getAgentById
FN:196,(anonymous_2)
FN:199,getAgentSkillDirs
FN:205,supportsAgentSymlinkProjection
FN:210,detectAgent
FN:211,(anonymous_6)
FN:219,(anonymous_7)
FN:220,(anonymous_8)
FN:223,(anonymous_9)
FN:224,(anonymous_10)
FN:228,getInstalledAgentDefinitions
FN:229,(anonymous_12)
FN:232,toPackageAgentId
FNF:14
FNH:0
FNDA:0,appPaths
FNDA:0,getAgentById
FNDA:0,(anonymous_2)
FNDA:0,getAgentSkillDirs
FNDA:0,supportsAgentSymlinkProjection
FNDA:0,detectAgent
FNDA:0,(anonymous_6)
FNDA:0,(anonymous_7)
FNDA:0,(anonymous_8)
FNDA:0,(anonymous_9)
FNDA:0,(anonymous_10)
FNDA:0,getInstalledAgentDefinitions
FNDA:0,(anonymous_12)
FNDA:0,toPackageAgentId
DA:7,0
DA:8,0
DA:9,0
DA:10,0
DA:11,0
DA:12,0
DA:13,0
DA:14,0
DA:16,0
DA:19,0
DA:20,0
DA:33,0
DA:196,0
DA:200,0
DA:201,0
DA:202,0
DA:206,0
DA:207,0
DA:211,0
DA:212,0
DA:213,0
DA:216,0
DA:217,0
DA:219,0
DA:220,0
DA:222,0
DA:223,0
DA:224,0
DA:225,0
DA:229,0
DA:233,0
LF:31
LH:0
BRDA:8,0,0,0
BRDA:8,0,1,0
BRDA:9,1,0,0
BRDA:9,1,1,0
BRDA:10,2,0,0
BRDA:10,2,1,0
BRDA:11,3,0,0
BRDA:11,3,1,0
BRDA:12,4,0,0
BRDA:12,4,1,0
BRDA:13,5,0,0
BRDA:13,5,1,0
BRDA:14,6,0,0
BRDA:14,6,1,0
BRDA:19,7,0,0
BRDA:19,7,1,0
BRDA:200,8,0,0
BRDA:200,8,1,0
BRDA:206,9,0,0
BRDA:206,9,1,0
BRDA:213,10,0,0
BRDA:213,10,1,0
BRDA:213,11,0,0
BRDA:213,11,1,0
BRDA:216,12,0,0
BRDA:216,12,1,0
BRDA:220,13,0,0
BRDA:220,13,1,0
BRDA:222,14,0,0
BRDA:222,14,1,0
BRDA:223,15,0,0
BRDA:223,15,1,0
BRDA:224,16,0,0
BRDA:224,16,1,0
BRDA:233,17,0,0
BRDA:233,17,1,0
BRF:36
BRH:0
end_of_record
TN:
SF:src/main/skill/commands.ts
FN:5,runNpxSkills
FN:6,(anonymous_1)
FN:12,(anonymous_2)
FN:15,(anonymous_3)
FN:18,(anonymous_4)
FN:19,(anonymous_5)
FNF:6
FNH:0
FNDA:0,runNpxSkills
FNDA:0,(anonymous_1)
FNDA:0,(anonymous_2)
FNDA:0,(anonymous_3)
FNDA:0,(anonymous_4)
FNDA:0,(anonymous_5)
DA:6,0
DA:7,0
DA:11,0
DA:12,0
DA:13,0
DA:15,0
DA:16,0
DA:18,0
DA:19,0
DA:20,0
LF:10
LH:0
BRDA:7,0,0,0
BRDA:7,0,1,0
BRDA:23,1,0,0
BRDA:23,1,1,0
BRDA:23,2,0,0
BRDA:23,2,1,0
BRF:6
BRH:0
end_of_record
TN:
SF:src/main/skill/config.ts
FN:3,defaultSkillsManagerConfig
FN:7,normalizeSkillName
FN:17,normalizeSkillsManagerConfig
FN:30,getSkillConfigKey
FNF:4
FNH:0
FNDA:0,defaultSkillsManagerConfig
FNDA:0,normalizeSkillName
FNDA:0,normalizeSkillsManagerConfig
FNDA:0,getSkillConfigKey
DA:4,0
DA:8,0
DA:18,0
DA:19,0
DA:31,0
LF:5
LH:0
BRDA:8,0,0,0
BRDA:8,0,1,0
BRDA:9,1,0,0
BRDA:9,1,1,0
BRDA:18,2,0,0
BRDA:18,2,1,0
BRDA:18,3,0,0
BRDA:18,3,1,0
BRDA:22,4,0,0
BRDA:22,4,1,0
BRDA:23,5,0,0
BRDA:23,5,1,0
BRDA:25,6,0,0
BRDA:25,6,1,0
BRDA:25,7,0,0
BRDA:25,7,1,0
BRDA:26,8,0,0
BRDA:26,8,1,0
BRF:18
BRH:0
end_of_record
TN:
SF:src/main/skill/filesystem.ts
FN:10,isPathSafe
FN:16,pathExists
FN:25,isDirectoryOrSymlinkToDirectory
FN:36,parseFrontmatter
FN:41,(anonymous_4)
FN:43,(anonymous_5)
FN:53,(anonymous_6)
FN:54,(anonymous_7)
FN:58,(anonymous_8)
FN:60,(anonymous_9)
FN:77,(anonymous_10)
FN:78,(anonymous_11)
FN:79,(anonymous_12)
FN:88,readSkillDir
FN:99,readSkillDirs
FN:103,(anonymous_15)
FN:111,(anonymous_16)
FNF:17
FNH:0
FNDA:0,isPathSafe
FNDA:0,pathExists
FNDA:0,isDirectoryOrSymlinkToDirectory
FNDA:0,parseFrontmatter
FNDA:0,(anonymous_4)
FNDA:0,(anonymous_5)
FNDA:0,(anonymous_6)
FNDA:0,(anonymous_7)
FNDA:0,(anonymous_8)
FNDA:0,(anonymous_9)
FNDA:0,(anonymous_10)
FNDA:0,(anonymous_11)
FNDA:0,(anonymous_12)
FNDA:0,readSkillDir
FNDA:0,readSkillDirs
FNDA:0,(anonymous_15)
FNDA:0,(anonymous_16)
DA:11,0
DA:12,0
DA:13,0
DA:17,0
DA:18,0
DA:19,0
DA:21,0
DA:26,0
DA:27,0
DA:28,0
DA:29,0
DA:30,0
DA:32,0
DA:37,0
DA:38,0
DA:39,0
DA:41,0
DA:43,0
DA:44,0
DA:45,0
DA:46,0
DA:47,0
DA:48,0
DA:50,0
DA:52,0
DA:53,0
DA:54,0
DA:58,0
DA:59,0
DA:60,0
DA:61,0
DA:63,0
DA:64,0
DA:66,0
DA:67,0
DA:69,0
DA:70,0
DA:71,0
DA:72,0
DA:73,0
DA:76,0
DA:77,0
DA:78,0
DA:79,0
DA:80,0
DA:82,0
DA:83,0
DA:85,0
DA:89,0
DA:90,0
DA:91,0
DA:92,0
DA:93,0
DA:95,0
DA:100,0
DA:101,0
DA:102,0
DA:104,0
DA:105,0
DA:106,0
DA:107,0
DA:108,0
DA:111,0
DA:113,0
LF:64
LH:0
BRDA:13,0,0,0
BRDA:13,0,1,0
BRDA:28,1,0,0
BRDA:28,1,1,0
BRDA:29,2,0,0
BRDA:29,2,1,0
BRDA:38,3,0,0
BRDA:38,3,1,0
BRDA:46,4,0,0
BRDA:46,4,1,0
BRDA:47,5,0,0
BRDA:47,5,1,0
BRDA:61,6,0,0
BRDA:61,6,1,0
BRDA:64,7,0,0
BRDA:64,7,1,0
BRDA:67,8,0,0
BRDA:67,8,1,0
BRDA:72,9,0,0
BRDA:72,9,1,0
BRDA:72,10,0,0
BRDA:72,10,1,0
BRDA:78,11,0,0
BRDA:78,11,1,0
BRDA:80,12,0,0
BRDA:80,12,1,0
BRDA:82,13,0,0
BRDA:82,13,1,0
BRDA:83,14,0,0
BRDA:83,14,1,0
BRDA:92,15,0,0
BRDA:92,15,1,0
BRDA:92,16,0,0
BRDA:92,16,1,0
BRDA:105,17,0,0
BRDA:105,17,1,0
BRDA:105,18,0,0
BRDA:105,18,1,0
BRDA:106,19,0,0
BRDA:106,19,1,0
BRDA:108,20,0,0
BRDA:108,20,1,0
BRF:42
BRH:0
end_of_record
TN:
SF:src/main/skill/ipc.ts
FN:23,registerSkillsManagerIpcHandlers
FN:24,(anonymous_1)
FN:29,(anonymous_2)
FN:35,(anonymous_3)
FN:39,(anonymous_4)
FN:43,(anonymous_5)
FN:52,(anonymous_6)
FN:60,(anonymous_7)
FN:68,(anonymous_8)
FN:76,(anonymous_9)
FN:84,(anonymous_10)
FN:92,(anonymous_11)
FNF:12
FNH:0
FNDA:0,registerSkillsManagerIpcHandlers
FNDA:0,(anonymous_1)
FNDA:0,(anonymous_2)
FNDA:0,(anonymous_3)
FNDA:0,(anonymous_4)
FNDA:0,(anonymous_5)
FNDA:0,(anonymous_6)
FNDA:0,(anonymous_7)
FNDA:0,(anonymous_8)
FNDA:0,(anonymous_9)
FNDA:0,(anonymous_10)
FNDA:0,(anonymous_11)
DA:21,0
DA:24,0
DA:25,0
DA:26,0
DA:29,0
DA:30,0
DA:31,0
DA:32,0
DA:35,0
DA:36,0
DA:39,0
DA:40,0
DA:43,0
DA:44,0
DA:45,0
DA:46,0
DA:48,0
DA:52,0
DA:53,0
DA:54,0
DA:56,0
DA:60,0
DA:61,0
DA:62,0
DA:64,0
DA:68,0
DA:69,0
DA:70,0
DA:72,0
DA:76,0
DA:77,0
DA:78,0
DA:80,0
DA:84,0
DA:85,0
DA:86,0
DA:88,0
DA:92,0
DA:93,0
DA:94,0
DA:96,0
LF:41
LH:0
BRDA:31,0,0,0
BRDA:31,0,1,0
BRDA:48,1,0,0
BRDA:48,1,1,0
BRDA:56,2,0,0
BRDA:56,2,1,0
BRDA:64,3,0,0
BRDA:64,3,1,0
BRDA:72,4,0,0
BRDA:72,4,1,0
BRDA:80,5,0,0
BRDA:80,5,1,0
BRDA:88,6,0,0
BRDA:88,6,1,0
BRDA:96,7,0,0
BRDA:96,7,1,0
BRF:16
BRH:0
end_of_record
TN:
SF:src/main/skill/lock.ts
FN:7,getGlobalLockPath
FN:13,readGlobalLock
FN:23,writeGlobalLockSkills
FN:37,removeGlobalLockEntry
FN:45,lockForSkill
FN:53,(anonymous_5)
FN:58,getGitHubTree
FNF:7
FNH:0
FNDA:0,getGlobalLockPath
FNDA:0,readGlobalLock
FNDA:0,writeGlobalLockSkills
FNDA:0,removeGlobalLockEntry
FNDA:0,lockForSkill
FNDA:0,(anonymous_5)
FNDA:0,getGitHubTree
DA:8,0
DA:14,0
DA:15,0
DA:16,0
DA:17,0
DA:19,0
DA:24,0
DA:25,0
DA:26,0
DA:27,0
DA:31,0
DA:32,0
DA:33,0
DA:34,0
DA:38,0
DA:39,0
DA:40,0
DA:41,0
DA:49,0
DA:53,0
DA:62,0
DA:63,0
DA:64,0
DA:65,0
DA:68,0
DA:69,0
DA:70,0
DA:75,0
LF:28
LH:0
BRDA:8,0,0,0
BRDA:8,0,1,0
BRDA:17,1,0,0
BRDA:17,1,1,0
BRDA:39,2,0,0
BRDA:39,2,1,0
BRDA:50,3,0,0
BRDA:50,3,1,0
BRDA:50,3,2,0
BRDA:62,4,0,0
BRDA:62,4,1,0
BRDA:68,5,0,0
BRDA:68,5,1,0
BRDA:70,6,0,0
BRDA:70,6,1,0
BRF:15
BRH:0
end_of_record
TN:
SF:src/main/skill/service.ts
FN:33,extractGitLabInfo
FN:59,listSkillsState
FN:63,(anonymous_2)
FN:95,(anonymous_3)
FN:114,(anonymous_4)
FN:117,copyDirectory
FN:124,isSamePath
FN:126,(anonymous_7)
FN:127,(anonymous_8)
FN:132,createRelativeSymlink
FN:135,(anonymous_10)
FN:136,(anonymous_11)
FN:139,(anonymous_12)
FN:153,getCanonicalSkillDir
FN:157,getAgentProjectionDir
FN:162,ensureCanonicalSkillDir
FN:174,projectCanonicalSkillToAgent
FN:196,findSkillSourceDir
FN:203,(anonymous_18)
FN:212,listCanonicalSkillNames
FN:214,(anonymous_20)
FN:217,refreshExistingSkillProjections
FN:233,projectSkillsToAgents
FN:247,syncSkills
FN:297,(anonymous_24)
FN:300,deleteSkills
FN:307,(anonymous_26)
FN:319,(anonymous_27)
FN:327,(anonymous_28)
FN:340,setSkillAutoUpdate
FN:359,saveSkillsConfigPatch
FN:374,checkSkillUpdate
FN:440,(anonymous_32)
FN:445,installSkills
FN:452,(anonymous_34)
FN:463,(anonymous_35)
FN:465,(anonymous_36)
FN:475,updateSkills
FNF:38
FNH:0
FNDA:0,extractGitLabInfo
FNDA:0,listSkillsState
FNDA:0,(anonymous_2)
FNDA:0,(anonymous_3)
FNDA:0,(anonymous_4)
FNDA:0,copyDirectory
FNDA:0,isSamePath
FNDA:0,(anonymous_7)
FNDA:0,(anonymous_8)
FNDA:0,createRelativeSymlink
FNDA:0,(anonymous_10)
FNDA:0,(anonymous_11)
FNDA:0,(anonymous_12)
FNDA:0,getCanonicalSkillDir
FNDA:0,getAgentProjectionDir
FNDA:0,ensureCanonicalSkillDir
FNDA:0,projectCanonicalSkillToAgent
FNDA:0,findSkillSourceDir
FNDA:0,(anonymous_18)
FNDA:0,listCanonicalSkillNames
FNDA:0,(anonymous_20)
FNDA:0,refreshExistingSkillProjections
FNDA:0,projectSkillsToAgents
FNDA:0,syncSkills
FNDA:0,(anonymous_24)
FNDA:0,deleteSkills
FNDA:0,(anonymous_26)
FNDA:0,(anonymous_27)
FNDA:0,(anonymous_28)
FNDA:0,setSkillAutoUpdate
FNDA:0,saveSkillsConfigPatch
FNDA:0,checkSkillUpdate
FNDA:0,(anonymous_32)
FNDA:0,installSkills
FNDA:0,(anonymous_34)
FNDA:0,(anonymous_35)
FNDA:0,(anonymous_36)
FNDA:0,updateSkills
DA:35,0
DA:36,0
DA:38,0
DA:39,0
DA:40,0
DA:60,0
DA:61,0
DA:62,0
DA:64,0
DA:65,0
DA:66,0
DA:67,0
DA:68,0
DA:69,0
DA:70,0
DA:71,0
DA:72,0
DA:73,0
DA:74,0
DA:95,0
DA:96,0
DA:114,0
DA:118,0
DA:119,0
DA:120,0
DA:121,0
DA:125,0
DA:126,0
DA:127,0
DA:129,0
DA:133,0
DA:134,0
DA:135,0
DA:136,0
DA:137,0
DA:138,0
DA:139,0
DA:140,0
DA:141,0
DA:142,0
DA:147,0
DA:149,0
DA:154,0
DA:158,0
DA:159,0
DA:167,0
DA:168,0
DA:169,0
DA:171,0
DA:180,0
DA:181,0
DA:182,0
DA:184,0
DA:185,0
DA:187,0
DA:188,0
DA:189,0
DA:190,0
DA:192,0
DA:193,0
DA:197,0
DA:198,0
DA:199,0
DA:200,0
DA:201,0
DA:202,0
DA:203,0
DA:207,0
DA:209,0
DA:213,0
DA:214,0
DA:221,0
DA:222,0
DA:223,0
DA:224,0
DA:225,0
DA:226,0
DA:227,0
DA:228,0
DA:238,0
DA:239,0
DA:240,0
DA:241,0
DA:242,0
DA:252,0
DA:253,0
DA:254,0
DA:255,0
DA:256,0
DA:257,0
DA:258,0
DA:260,0
DA:261,0
DA:262,0
DA:263,0
DA:264,0
DA:265,0
DA:267,0
DA:268,0
DA:274,0
DA:275,0
DA:276,0
DA:277,0
DA:285,0
DA:287,0
DA:296,0
DA:297,0
DA:305,0
DA:306,0
DA:307,0
DA:309,0
DA:311,0
DA:312,0
DA:313,0
DA:314,0
DA:315,0
DA:316,0
DA:317,0
DA:318,0
DA:319,0
DA:321,0
DA:322,0
DA:325,0
DA:326,0
DA:327,0
DA:329,0
DA:330,0
DA:331,0
DA:336,0
DA:337,0
DA:345,0
DA:346,0
DA:347,0
DA:348,0
DA:355,0
DA:356,0
DA:364,0
DA:365,0
DA:370,0
DA:371,0
DA:378,0
DA:379,0
DA:380,0
DA:381,0
DA:382,0
DA:384,0
DA:385,0
DA:386,0
DA:388,0
DA:389,0
DA:391,0
DA:392,0
DA:393,0
DA:395,0
DA:396,0
DA:397,0
DA:398,0
DA:399,0
DA:400,0
DA:401,0
DA:402,0
DA:404,0
DA:408,0
DA:409,0
DA:410,0
DA:411,0
DA:412,0
DA:413,0
DA:414,0
DA:416,0
DA:425,0
DA:426,0
DA:428,0
DA:430,0
DA:431,0
DA:433,0
DA:434,0
DA:435,0
DA:437,0
DA:438,0
DA:439,0
DA:440,0
DA:441,0
DA:442,0
DA:450,0
DA:451,0
DA:452,0
DA:453,0
DA:454,0
DA:455,0
DA:456,0
DA:457,0
DA:458,0
DA:459,0
DA:460,0
DA:461,0
DA:463,0
DA:464,0
DA:465,0
DA:467,0
DA:468,0
DA:470,0
DA:472,0
DA:479,0
DA:480,0
DA:481,0
DA:482,0
DA:483,0
DA:485,0
LF:209
LH:0
BRDA:36,0,0,0
BRDA:36,0,1,0
BRDA:39,1,0,0
BRDA:39,1,1,0
BRDA:65,2,0,0
BRDA:65,2,1,0
BRDA:71,3,0,0
BRDA:71,3,1,0
BRDA:84,4,0,0
BRDA:84,4,1,0
BRDA:90,5,0,0
BRDA:90,5,1,0
BRDA:102,6,0,0
BRDA:102,6,1,0
BRDA:104,7,0,0
BRDA:104,7,1,0
BRDA:104,8,0,0
BRDA:104,8,1,0
BRDA:118,9,0,0
BRDA:118,9,1,0
BRDA:138,10,0,0
BRDA:138,10,1,0
BRDA:140,11,0,0
BRDA:140,11,1,0
BRDA:145,12,0,0
BRDA:145,12,1,0
BRDA:159,13,0,0
BRDA:159,13,1,0
BRDA:168,14,0,0
BRDA:168,14,1,0
BRDA:168,15,0,0
BRDA:168,15,1,0
BRDA:177,16,0,0
BRDA:178,17,0,0
BRDA:181,18,0,0
BRDA:181,18,1,0
BRDA:182,19,0,0
BRDA:182,19,1,0
BRDA:185,20,0,0
BRDA:185,20,1,0
BRDA:185,21,0,0
BRDA:185,21,1,0
BRDA:187,22,0,0
BRDA:187,22,1,0
BRDA:188,23,0,0
BRDA:188,23,1,0
BRDA:190,24,0,0
BRDA:190,24,1,0
BRDA:198,25,0,0
BRDA:198,25,1,0
BRDA:203,26,0,0
BRDA:203,26,1,0
BRDA:207,27,0,0
BRDA:207,27,1,0
BRDA:225,28,0,0
BRDA:225,28,1,0
BRDA:227,29,0,0
BRDA:227,29,1,0
BRDA:241,30,0,0
BRDA:241,30,1,0
BRDA:256,31,0,0
BRDA:256,31,1,0
BRDA:263,32,0,0
BRDA:263,32,1,0
BRDA:275,33,0,0
BRDA:275,33,1,0
BRDA:291,34,0,0
BRDA:291,34,1,0
BRDA:306,35,0,0
BRDA:306,35,1,0
BRDA:315,36,0,0
BRDA:315,36,1,0
BRDA:318,37,0,0
BRDA:318,37,1,0
BRDA:325,38,0,0
BRDA:325,38,1,0
BRDA:331,39,0,0
BRDA:331,39,1,0
BRDA:352,40,0,0
BRDA:352,40,1,0
BRDA:368,41,0,0
BRDA:368,41,1,0
BRDA:380,42,0,0
BRDA:380,42,1,0
BRDA:381,43,0,0
BRDA:381,43,1,0
BRDA:384,44,0,0
BRDA:384,44,1,0
BRDA:385,45,0,0
BRDA:385,45,1,0
BRDA:385,46,0,0
BRDA:385,46,1,0
BRDA:388,47,0,0
BRDA:388,47,1,0
BRDA:388,48,0,0
BRDA:388,48,1,0
BRDA:391,49,0,0
BRDA:391,49,1,0
BRDA:391,49,2,0
BRDA:392,50,0,0
BRDA:392,50,1,0
BRDA:396,51,0,0
BRDA:396,51,1,0
BRDA:399,52,0,0
BRDA:399,52,1,0
BRDA:402,53,0,0
BRDA:402,53,1,0
BRDA:408,54,0,0
BRDA:408,54,1,0
BRDA:410,55,0,0
BRDA:410,55,1,0
BRDA:412,56,0,0
BRDA:412,56,1,0
BRDA:413,57,0,0
BRDA:413,57,1,0
BRDA:425,58,0,0
BRDA:425,58,1,0
BRDA:430,59,0,0
BRDA:430,59,1,0
BRDA:430,60,0,0
BRDA:430,60,1,0
BRDA:433,61,0,0
BRDA:433,61,1,0
BRDA:434,62,0,0
BRDA:434,62,1,0
BRDA:438,63,0,0
BRDA:438,63,1,0
BRDA:440,64,0,0
BRDA:440,64,1,0
BRDA:441,65,0,0
BRDA:441,65,1,0
BRDA:442,66,0,0
BRDA:442,66,1,0
BRDA:450,67,0,0
BRDA:450,67,1,0
BRDA:454,68,0,0
BRDA:454,68,1,0
BRDA:455,69,0,0
BRDA:455,69,1,0
BRDA:456,70,0,0
BRDA:456,70,1,0
BRDA:456,71,0,0
BRDA:456,71,1,0
BRDA:457,72,0,0
BRDA:457,72,1,0
BRDA:459,73,0,0
BRDA:459,73,1,0
BRDA:461,74,0,0
BRDA:461,74,1,0
BRDA:464,75,0,0
BRDA:464,75,1,0
BRDA:467,76,0,0
BRDA:467,76,1,0
BRDA:481,77,0,0
BRDA:481,77,1,0
BRF:155
BRH:0
end_of_record
TN:
SF:src/main/skill/types.ts
FNF:0
FNH:0
LF:0
LH:0
BRF:0
BRH:0
end_of_record
